Using pre-set license
Built from '2021.3/staging' branch; Version is '2021.3.6f1 (7da38d85baf6) revision 8233869'; Using compiler version '192829333'; Build Type 'Release'
OS: 'Windows 10  (10.0.19044) 64bit Core' Language: 'ko' Physical Memory: 16322 MB
BatchMode: 1, IsHumanControllingUs: 0, StartBugReporterOnCrash: 0, Is64bit: 1, IsPro: 1

COMMAND LINE ARGUMENTS:
C:\Program Files\2021.3.6f1\Editor\Unity.exe
-adb2
-batchMode
-noUpm
-name
AssetImportWorker1
-projectPath
C:/Users/kimjh741963/Desktop/R/ResetProject
-logFile
Logs/AssetImportWorker1.log
-srvPort
53964
Successfully changed project path to: C:/Users/kimjh741963/Desktop/R/ResetProject
C:/Users/kimjh741963/Desktop/R/ResetProject
[UnityMemory] Configuration Parameters - Can be set up in boot.config
    "memorysetup-bucket-allocator-granularity=16"
    "memorysetup-bucket-allocator-bucket-count=8"
    "memorysetup-bucket-allocator-block-size=33554432"
    "memorysetup-bucket-allocator-block-count=8"
    "memorysetup-main-allocator-block-size=16777216"
    "memorysetup-thread-allocator-block-size=16777216"
    "memorysetup-gfx-main-allocator-block-size=16777216"
    "memorysetup-gfx-thread-allocator-block-size=16777216"
    "memorysetup-cache-allocator-block-size=4194304"
    "memorysetup-typetree-allocator-block-size=2097152"
    "memorysetup-profiler-bucket-allocator-granularity=16"
    "memorysetup-profiler-bucket-allocator-bucket-count=8"
    "memorysetup-profiler-bucket-allocator-block-size=33554432"
    "memorysetup-profiler-bucket-allocator-block-count=8"
    "memorysetup-profiler-allocator-block-size=16777216"
    "memorysetup-profiler-editor-allocator-block-size=1048576"
    "memorysetup-temp-allocator-size-main=16777216"
    "memorysetup-job-temp-allocator-block-size=2097152"
    "memorysetup-job-temp-allocator-block-size-background=1048576"
    "memorysetup-job-temp-allocator-reduction-small-platforms=262144"
    "memorysetup-temp-allocator-size-background-worker=32768"
    "memorysetup-temp-allocator-size-job-worker=262144"
    "memorysetup-temp-allocator-size-preload-manager=33554432"
    "memorysetup-temp-allocator-size-nav-mesh-worker=65536"
    "memorysetup-temp-allocator-size-audio-worker=65536"
    "memorysetup-temp-allocator-size-cloud-worker=32768"
    "memorysetup-temp-allocator-size-gi-baking-worker=262144"
    "memorysetup-temp-allocator-size-gfx=262144"
Refreshing native plugins compatible for Editor in 82.64 ms, found 3 plugins.
Preloading 0 native plugins for Editor in 0.00 ms.
Initialize engine version: 2021.3.6f1 (7da38d85baf6)
[Subsystems] Discovering subsystems at path C:/Program Files/2021.3.6f1/Editor/Data/Resources/UnitySubsystems
[Subsystems] Discovering subsystems at path C:/Users/kimjh741963/Desktop/R/ResetProject/Assets
GfxDevice: creating device client; threaded=0; jobified=0
Direct3D:
    Version:  Direct3D 11.0 [level 11.1]
    Renderer: NVIDIA GeForce RTX 3070 Ti (ID=0x2482)
    Vendor:   NVIDIA
    VRAM:     8041 MB
    Driver:   30.0.15.1215
Initialize mono
Mono path[0] = 'C:/Program Files/2021.3.6f1/Editor/Data/Managed'
Mono path[1] = 'C:/Program Files/2021.3.6f1/Editor/Data/MonoBleedingEdge/lib/mono/unityjit-win32'
Mono config path = 'C:/Program Files/2021.3.6f1/Editor/Data/MonoBleedingEdge/etc'
Using monoOptions --debugger-agent=transport=dt_socket,embedding=1,server=y,suspend=n,address=127.0.0.1:56924
Begin MonoManager ReloadAssembly
Registering precompiled unity dll's ...
Register platform support module: C:/Program Files/2021.3.6f1/Editor/Data/PlaybackEngines/AndroidPlayer/UnityEditor.Android.Extensions.dll
Register platform support module: C:/Program Files/2021.3.6f1/Editor/Data/PlaybackEngines/WindowsStandaloneSupport/UnityEditor.WindowsStandalone.Extensions.dll
Registered in 0.010402 seconds.
Native extension for WindowsStandalone target not found
Native extension for Android target not found
Refreshing native plugins compatible for Editor in 75.28 ms, found 3 plugins.
Preloading 0 native plugins for Editor in 0.00 ms.
Mono: successfully reloaded assembly
- Completed reload, in  0.642 seconds
Domain Reload Profiling:
	ReloadAssembly (642ms)
		BeginReloadAssembly (93ms)
			ExecutionOrderSort (0ms)
			DisableScriptedObjects (0ms)
			BackupInstance (0ms)
			ReleaseScriptingObjects (0ms)
			CreateAndSetChildDomain (1ms)
		EndReloadAssembly (436ms)
			LoadAssemblies (90ms)
			RebuildTransferFunctionScriptingTraits (0ms)
			SetupTypeCache (99ms)
			ReleaseScriptCaches (0ms)
			RebuildScriptCaches (25ms)
			SetupLoadedEditorAssemblies (261ms)
				LogAssemblyErrors (0ms)
				InitializePlatformSupportModulesInManaged (52ms)
				SetLoadedEditorAssemblies (0ms)
				RefreshPlugins (75ms)
				BeforeProcessingInitializeOnLoad (1ms)
				ProcessInitializeOnLoadAttributes (87ms)
				ProcessInitializeOnLoadMethodAttributes (45ms)
				AfterProcessingInitializeOnLoad (0ms)
				EditorAssembliesLoaded (0ms)
			ExecutionOrderSort2 (0ms)
			AwakeInstancesAfterBackupRestoration (0ms)
Platform modules already initialized, skipping
Registering precompiled user dll's ...
Registered in 0.008990 seconds.
Begin MonoManager ReloadAssembly
Symbol file LoadedFromMemory doesn't match image C:\Users\kimjh741963\Desktop\R\ResetProject\Library\PackageCache\com.unity.visualscripting@1.7.8\Editor\VisualScripting.Core\Dependencies\YamlDotNet\Unity.VisualScripting.YamlDotNet.dll
Symbol file LoadedFromMemory doesn't match image C:\Users\kimjh741963\Desktop\R\ResetProject\Library\PackageCache\com.unity.visualscripting@1.7.8\Editor\VisualScripting.Core\Dependencies\DotNetZip\Unity.VisualScripting.IonicZip.dll
Native extension for WindowsStandalone target not found
Native extension for Android target not found
Refreshing native plugins compatible for Editor in 0.50 ms, found 3 plugins.
Preloading 0 native plugins for Editor in 0.00 ms.
Mono: successfully reloaded assembly
- Completed reload, in  1.122 seconds
Domain Reload Profiling:
	ReloadAssembly (1123ms)
		BeginReloadAssembly (250ms)
			ExecutionOrderSort (0ms)
			DisableScriptedObjects (7ms)
			BackupInstance (0ms)
			ReleaseScriptingObjects (0ms)
			CreateAndSetChildDomain (143ms)
		EndReloadAssembly (764ms)
			LoadAssemblies (106ms)
			RebuildTransferFunctionScriptingTraits (0ms)
			SetupTypeCache (231ms)
			ReleaseScriptCaches (1ms)
			RebuildScriptCaches (46ms)
			SetupLoadedEditorAssemblies (355ms)
				LogAssemblyErrors (0ms)
				InitializePlatformSupportModulesInManaged (16ms)
				SetLoadedEditorAssemblies (0ms)
				RefreshPlugins (1ms)
				BeforeProcessingInitializeOnLoad (99ms)
				ProcessInitializeOnLoadAttributes (201ms)
				ProcessInitializeOnLoadMethodAttributes (25ms)
				AfterProcessingInitializeOnLoad (12ms)
				EditorAssembliesLoaded (0ms)
			ExecutionOrderSort2 (0ms)
			AwakeInstancesAfterBackupRestoration (10ms)
Platform modules already initialized, skipping
========================================================================
Worker process is ready to serve import requests
Launched and connected shader compiler UnityShaderCompiler.exe after 0.04 seconds
Refreshing native plugins compatible for Editor in 0.48 ms, found 3 plugins.
Preloading 0 native plugins for Editor in 0.00 ms.
Unloading 3371 Unused Serialized files (Serialized files now loaded: 0)
Unloading 27 unused Assets / (111.0 KB). Loaded Objects now: 3830.
Memory consumption went from 120.4 MB to 120.3 MB.
Total: 2.664000 ms (FindLiveObjects: 0.263100 ms CreateObjectMapping: 0.249000 ms MarkObjects: 2.063100 ms  DeleteObjects: 0.087600 ms)

AssetImportParameters requested are different than current active one (requested -> active):
  custom:video-decoder-ogg-theora: a1e56fd34408186e4bbccfd4996cb3dc -> 
  custom:container-muxer-webm: aa71ff27fc2769a1b78a27578f13a17b -> 
  custom:container-demuxer-webm: 4f35f7cbe854078d1ac9338744f61a02 -> 
  custom:video-encoder-webm-vp8: eb34c28f22e8b96e1ab97ce403110664 -> 
  custom:audio-encoder-webm-vorbis: bf7c407c2cedff20999df2af8eb42d56 -> 
  custom:framework-win-MediaFoundation: 216162199b28c13a410421893ffa2e32 -> 
  custom:container-demuxer-ogg: 62fdf1f143b41e24485cea50d1cbac27 -> 
  custom:video-decoder-webm-vp8: 9c59270c3fd7afecdb556c50c9e8de78 -> 
  custom:audio-decoder-ogg-vorbis: bf7c407c2cedff20999df2af8eb42d56 -> 
========================================================================
Received Import Request.
  Time since last request: 57445.510845 seconds.
  path: Assets/Sound/MainSound/KICKBACK.wav
  artifactKey: Guid(73fa7c9806ed01f47932bdb9f2f9c6f6) Importer(815301076,1909f56bfc062723c751e8b465ee728b)
Start importing Assets/Sound/MainSound/KICKBACK.wav using Guid(73fa7c9806ed01f47932bdb9f2f9c6f6) Importer(815301076,1909f56bfc062723c751e8b465ee728b)  -> (artifact id: 'b616732bd29697eb3ed1eb054bb5d2eb') in 0.094618 seconds 
========================================================================
Received Import Request.
  Time since last request: 360.244302 seconds.
  path: Assets/DownLoadAssets/Image/Img_AlarmBox.png
  artifactKey: Guid(eb25791f0af44f440a69d9e5c959315e) Importer(815301076,1909f56bfc062723c751e8b465ee728b)
Start importing Assets/DownLoadAssets/Image/Img_AlarmBox.png using Guid(eb25791f0af44f440a69d9e5c959315e) Importer(815301076,1909f56bfc062723c751e8b465ee728b)  -> (artifact id: '684de783bdbcbc73d4a9173e88ebe877') in 0.085733 seconds 
========================================================================
Received Import Request.
  Time since last request: 0.000027 seconds.
  path: Assets/DownLoadAssets/Image/Img_Quit.png
  artifactKey: Guid(fbdcee8e70753e342bf111b02feeb47f) Importer(815301076,1909f56bfc062723c751e8b465ee728b)
Start importing Assets/DownLoadAssets/Image/Img_Quit.png using Guid(fbdcee8e70753e342bf111b02feeb47f) Importer(815301076,1909f56bfc062723c751e8b465ee728b)  -> (artifact id: '260840eb0c7fe77f5245398b0926a7bf') in 0.026253 seconds 
========================================================================
Received Import Request.
  Time since last request: 0.000020 seconds.
  path: Assets/DownLoadAssets/Image/Img_Coin.png
  artifactKey: Guid(6fa64587f9d17cc49a6545bb92ae5e1a) Importer(815301076,1909f56bfc062723c751e8b465ee728b)
Start importing Assets/DownLoadAssets/Image/Img_Coin.png using Guid(6fa64587f9d17cc49a6545bb92ae5e1a) Importer(815301076,1909f56bfc062723c751e8b465ee728b)  -> (artifact id: '9ee8671f230b3e4de67669c417fa761f') in 0.027355 seconds 
========================================================================
Received Import Request.
  Time since last request: 0.000024 seconds.
  path: Assets/DownLoadAssets/Image/Img_BoxStore.png
  artifactKey: Guid(594d5400ec8cdbf47a87ed858b6756e3) Importer(815301076,1909f56bfc062723c751e8b465ee728b)
Start importing Assets/DownLoadAssets/Image/Img_BoxStore.png using Guid(594d5400ec8cdbf47a87ed858b6756e3) Importer(815301076,1909f56bfc062723c751e8b465ee728b)  -> (artifact id: '8e0968976b4f3671bdd0817829cbed67') in 0.042839 seconds 
========================================================================
Received Import Request.
  Time since last request: 0.000024 seconds.
  path: Assets/DownLoadAssets/Image/Img_Note.png
  artifactKey: Guid(1c2e3a37152952441a7ed5d997e398f6) Importer(815301076,1909f56bfc062723c751e8b465ee728b)
Start importing Assets/DownLoadAssets/Image/Img_Note.png using Guid(1c2e3a37152952441a7ed5d997e398f6) Importer(815301076,1909f56bfc062723c751e8b465ee728b)  -> (artifact id: '82cfd4dcd7e2adb406eb4827be859a99') in 0.033586 seconds 
========================================================================
Received Import Request.
  Time since last request: 0.000027 seconds.
  path: Assets/DownLoadAssets/Image/Img_Pause.png
  artifactKey: Guid(8371909380a776e4a8abb80bdfe5e402) Importer(815301076,1909f56bfc062723c751e8b465ee728b)
Start importing Assets/DownLoadAssets/Image/Img_Pause.png using Guid(8371909380a776e4a8abb80bdfe5e402) Importer(815301076,1909f56bfc062723c751e8b465ee728b)  -> (artifact id: '2e02371c7a99b2a2d072f5e1eb4884b5') in 0.019439 seconds 
========================================================================
Received Import Request.
  Time since last request: 0.000028 seconds.
  path: Assets/DownLoadAssets/Image/Img_TxtScore.png
  artifactKey: Guid(b6f238537eb07ab4da8ee45ff6638bfa) Importer(815301076,1909f56bfc062723c751e8b465ee728b)
Start importing Assets/DownLoadAssets/Image/Img_TxtScore.png using Guid(b6f238537eb07ab4da8ee45ff6638bfa) Importer(815301076,1909f56bfc062723c751e8b465ee728b)  -> (artifact id: '95b801f94ddb8ad0402840921efb6d5e') in 0.060491 seconds 
========================================================================
Received Import Request.
  Time since last request: 0.000026 seconds.
  path: Assets/DownLoadAssets/Image/Img_Rect1.png
  artifactKey: Guid(37640ac1c02b7ee4aaf473335f3c40fa) Importer(815301076,1909f56bfc062723c751e8b465ee728b)
Start importing Assets/DownLoadAssets/Image/Img_Rect1.png using Guid(37640ac1c02b7ee4aaf473335f3c40fa) Importer(815301076,1909f56bfc062723c751e8b465ee728b)  -> (artifact id: 'f5e0a8886be1fde700183aa8fb8d1302') in 0.021824 seconds 
========================================================================
Received Import Request.
  Time since last request: 0.000019 seconds.
  path: Assets/DownLoadAssets/Image/Img_Btn5.png
  artifactKey: Guid(5ff21d123d91aa2429e22c8d74a52370) Importer(815301076,1909f56bfc062723c751e8b465ee728b)
Start importing Assets/DownLoadAssets/Image/Img_Btn5.png using Guid(5ff21d123d91aa2429e22c8d74a52370) Importer(815301076,1909f56bfc062723c751e8b465ee728b)  -> (artifact id: 'ab83fc3ea702603a05bea9a5410203e5') in 0.023092 seconds 
========================================================================
Received Import Request.
  Time since last request: 0.000023 seconds.
  path: Assets/DownLoadAssets/Image/Img_MenuStart.png
  artifactKey: Guid(ab0ecd1dbeab6384d950b5a03a5a9e6e) Importer(815301076,1909f56bfc062723c751e8b465ee728b)
Start importing Assets/DownLoadAssets/Image/Img_MenuStart.png using Guid(ab0ecd1dbeab6384d950b5a03a5a9e6e) Importer(815301076,1909f56bfc062723c751e8b465ee728b)  -> (artifact id: '93f4b369137290388bf370804431b32c') in 0.026515 seconds 
========================================================================
Received Import Request.
  Time since last request: 0.000025 seconds.
  path: Assets/DownLoadAssets/Image/Img_MenuRankingIcon.png
  artifactKey: Guid(1a7c5d9328dee984581db76b0cd4166c) Importer(815301076,1909f56bfc062723c751e8b465ee728b)
Start importing Assets/DownLoadAssets/Image/Img_MenuRankingIcon.png using Guid(1a7c5d9328dee984581db76b0cd4166c) Importer(815301076,1909f56bfc062723c751e8b465ee728b)  -> (artifact id: '073b4528f08e282db3634a6be3f78438') in 0.025214 seconds 
========================================================================
Received Import Request.
  Time since last request: 0.000020 seconds.
  path: Assets/DownLoadAssets/Image/Img_Btn3.png
  artifactKey: Guid(9e6441ba613502844a6de0748f9d8bd2) Importer(815301076,1909f56bfc062723c751e8b465ee728b)
Start importing Assets/DownLoadAssets/Image/Img_Btn3.png using Guid(9e6441ba613502844a6de0748f9d8bd2) Importer(815301076,1909f56bfc062723c751e8b465ee728b)  -> (artifact id: '5f6d9ca3717b7e71e93a6602d3e36094') in 0.023312 seconds 
========================================================================
Received Import Request.
  Time since last request: 0.000017 seconds.
  path: Assets/DownLoadAssets/Image/Img_Rect3.png
  artifactKey: Guid(3d50e42f972dce147a9eedd30c197372) Importer(815301076,1909f56bfc062723c751e8b465ee728b)
Start importing Assets/DownLoadAssets/Image/Img_Rect3.png using Guid(3d50e42f972dce147a9eedd30c197372) Importer(815301076,1909f56bfc062723c751e8b465ee728b)  -> (artifact id: '2c89a7723fd15227fdba7295829f96a4') in 0.015478 seconds 
========================================================================
Received Import Request.
  Time since last request: 0.000035 seconds.
  path: Assets/DownLoadAssets/Image/Img_ShieldBG.png
  artifactKey: Guid(336b8206b01c98644877fc39dce8bcf3) Importer(815301076,1909f56bfc062723c751e8b465ee728b)
Start importing Assets/DownLoadAssets/Image/Img_ShieldBG.png using Guid(336b8206b01c98644877fc39dce8bcf3) Importer(815301076,1909f56bfc062723c751e8b465ee728b)  -> (artifact id: '9788e2bc96cf2c1ff7458c6ac107bb7a') in 0.017782 seconds 
========================================================================
Received Import Request.
  Time since last request: 0.000017 seconds.
  path: Assets/DownLoadAssets/Image/Img_Heart.png
  artifactKey: Guid(2a6d40f4a7cac7940a3d4b7599d41455) Importer(815301076,1909f56bfc062723c751e8b465ee728b)
Start importing Assets/DownLoadAssets/Image/Img_Heart.png using Guid(2a6d40f4a7cac7940a3d4b7599d41455) Importer(815301076,1909f56bfc062723c751e8b465ee728b)  -> (artifact id: '577eca14224d506ba48e3eab40310427') in 0.021149 seconds 
========================================================================
Received Import Request.
  Time since last request: 0.000026 seconds.
  path: Assets/DownLoadAssets/Image/Img_List.png
  artifactKey: Guid(f568896f8cf24ec4882785eb502b81a4) Importer(815301076,1909f56bfc062723c751e8b465ee728b)
Start importing Assets/DownLoadAssets/Image/Img_List.png using Guid(f568896f8cf24ec4882785eb502b81a4) Importer(815301076,1909f56bfc062723c751e8b465ee728b)  -> (artifact id: '2ff43569f0057253574b70cd005b2917') in 0.017964 seconds 
========================================================================
Received Import Request.
  Time since last request: 0.000019 seconds.
  path: Assets/DownLoadAssets/Image/Img_TimerGauge.png
  artifactKey: Guid(0391b5509941383499b4a51123f7e327) Importer(815301076,1909f56bfc062723c751e8b465ee728b)
Start importing Assets/DownLoadAssets/Image/Img_TimerGauge.png using Guid(0391b5509941383499b4a51123f7e327) Importer(815301076,1909f56bfc062723c751e8b465ee728b)  -> (artifact id: 'bbaa921fa34f6dfaea7e145b88580dc3') in 0.018054 seconds 
========================================================================
Received Import Request.
  Time since last request: 0.000019 seconds.
  path: Assets/DownLoadAssets/Image/Img_Btn6.png
  artifactKey: Guid(8e56417c293c3b54c8d70880c4b3af9d) Importer(815301076,1909f56bfc062723c751e8b465ee728b)
Start importing Assets/DownLoadAssets/Image/Img_Btn6.png using Guid(8e56417c293c3b54c8d70880c4b3af9d) Importer(815301076,1909f56bfc062723c751e8b465ee728b)  -> (artifact id: 'c6aa7b74f7f22cd309947a7414b362ed') in 0.016429 seconds 
========================================================================
Received Import Request.
  Time since last request: 0.000021 seconds.
  path: Assets/DownLoadAssets/Image/Img_DiskInner.png
  artifactKey: Guid(0c01d657f04f87e4e942f5cc0061769a) Importer(815301076,1909f56bfc062723c751e8b465ee728b)
Start importing Assets/DownLoadAssets/Image/Img_DiskInner.png using Guid(0c01d657f04f87e4e942f5cc0061769a) Importer(815301076,1909f56bfc062723c751e8b465ee728b)  -> (artifact id: 'c323043d8cfcb268df758768a7954f75') in 0.066275 seconds 
========================================================================
Received Import Request.
  Time since last request: 0.000023 seconds.
  path: Assets/DownLoadAssets/Image/Img_Btn4.png
  artifactKey: Guid(83b23c42cfe9cf74e874451998da4bba) Importer(815301076,1909f56bfc062723c751e8b465ee728b)
Start importing Assets/DownLoadAssets/Image/Img_Btn4.png using Guid(83b23c42cfe9cf74e874451998da4bba) Importer(815301076,1909f56bfc062723c751e8b465ee728b)  -> (artifact id: '727bdf89aa6ef3550607cc07a2d4ddde') in 0.025059 seconds 
========================================================================
Received Import Request.
  Time since last request: 0.000027 seconds.
  path: Assets/DownLoadAssets/Image/Img_Shield.png
  artifactKey: Guid(ebe5a69b10aeafa4ca23bc7710441c61) Importer(815301076,1909f56bfc062723c751e8b465ee728b)
Start importing Assets/DownLoadAssets/Image/Img_Shield.png using Guid(ebe5a69b10aeafa4ca23bc7710441c61) Importer(815301076,1909f56bfc062723c751e8b465ee728b)  -> (artifact id: '4a68fa6454d6e8ca18ab27a34730e1bb') in 0.020170 seconds 
========================================================================
Received Import Request.
  Time since last request: 0.000028 seconds.
  path: Assets/DownLoadAssets/Image/Img_Back.png
  artifactKey: Guid(174f81edaa1240c4e911eef2c9195283) Importer(815301076,1909f56bfc062723c751e8b465ee728b)
Start importing Assets/DownLoadAssets/Image/Img_Back.png using Guid(174f81edaa1240c4e911eef2c9195283) Importer(815301076,1909f56bfc062723c751e8b465ee728b)  -> (artifact id: '2c182905088c8c586614a1bac1e82b11') in 0.023638 seconds 
========================================================================
Received Import Request.
  Time since last request: 0.000018 seconds.
  path: Assets/DownLoadAssets/Image/Img_OptionHandle.png
  artifactKey: Guid(ac3fc68ceab86f64884cc21716e50747) Importer(815301076,1909f56bfc062723c751e8b465ee728b)
Start importing Assets/DownLoadAssets/Image/Img_OptionHandle.png using Guid(ac3fc68ceab86f64884cc21716e50747) Importer(815301076,1909f56bfc062723c751e8b465ee728b)  -> (artifact id: '1e481a3b75a5ecfc039d4062c84a2fdf') in 0.019796 seconds 
========================================================================
Received Import Request.
  Time since last request: 0.000019 seconds.
  path: Assets/DownLoadAssets/Image/Img_OptionON.png
  artifactKey: Guid(95b5fe98187cc1749a02fbe41f731391) Importer(815301076,1909f56bfc062723c751e8b465ee728b)
Start importing Assets/DownLoadAssets/Image/Img_OptionON.png using Guid(95b5fe98187cc1749a02fbe41f731391) Importer(815301076,1909f56bfc062723c751e8b465ee728b)  -> (artifact id: 'ec8219ed1fe5139d6014a6f9e08d36d6') in 0.026052 seconds 
========================================================================
Received Import Request.
  Time since last request: 0.000033 seconds.
  path: Assets/DownLoadAssets/Image/Img_Box.png
  artifactKey: Guid(62b8da1c0250b6c4c8e1e51aca8bb61d) Importer(815301076,1909f56bfc062723c751e8b465ee728b)
Start importing Assets/DownLoadAssets/Image/Img_Box.png using Guid(62b8da1c0250b6c4c8e1e51aca8bb61d) Importer(815301076,1909f56bfc062723c751e8b465ee728b)  -> (artifact id: '57888fb1aa5656c8d169fd8b10b3fbdf') in 0.024167 seconds 
========================================================================
Received Import Request.
  Time since last request: 0.000022 seconds.
  path: Assets/DownLoadAssets/Image/Img_MenuStageIcon.png
  artifactKey: Guid(61725c47884f6164fbafa86e86317417) Importer(815301076,1909f56bfc062723c751e8b465ee728b)
Start importing Assets/DownLoadAssets/Image/Img_MenuStageIcon.png using Guid(61725c47884f6164fbafa86e86317417) Importer(815301076,1909f56bfc062723c751e8b465ee728b)  -> (artifact id: '6307852a94333f15bde7c2722f20266e') in 0.025151 seconds 
========================================================================
Received Import Request.
  Time since last request: 0.000033 seconds.
  path: Assets/DownLoadAssets/Image/Img_Deco2.png
  artifactKey: Guid(4a915eea58105d945832352b47b33ff7) Importer(815301076,1909f56bfc062723c751e8b465ee728b)
Start importing Assets/DownLoadAssets/Image/Img_Deco2.png using Guid(4a915eea58105d945832352b47b33ff7) Importer(815301076,1909f56bfc062723c751e8b465ee728b)  -> (artifact id: '7e8c788b7c6e9ef188c66f4d9f9d7494') in 0.029678 seconds 
========================================================================
Received Import Request.
  Time since last request: 0.000022 seconds.
  path: Assets/DownLoadAssets/Image/Img_NoteFlame.png
  artifactKey: Guid(875108e09c311c9459708597cd3b7612) Importer(815301076,1909f56bfc062723c751e8b465ee728b)
Start importing Assets/DownLoadAssets/Image/Img_NoteFlame.png using Guid(875108e09c311c9459708597cd3b7612) Importer(815301076,1909f56bfc062723c751e8b465ee728b)  -> (artifact id: '1b707fff505d85ad7f307965f27f696d') in 0.020769 seconds 
========================================================================
Received Import Request.
  Time since last request: 0.000019 seconds.
  path: Assets/DownLoadAssets/Image/Img_DPadArrow.png
  artifactKey: Guid(3a4fa6d365142c4449352f5b5a91a48d) Importer(815301076,1909f56bfc062723c751e8b465ee728b)
Start importing Assets/DownLoadAssets/Image/Img_DPadArrow.png using Guid(3a4fa6d365142c4449352f5b5a91a48d) Importer(815301076,1909f56bfc062723c751e8b465ee728b)  -> (artifact id: 'a3b1c7ca231eeec59315b350127ac15b') in 0.016870 seconds 
========================================================================
Received Import Request.
  Time since last request: 0.000035 seconds.
  path: Assets/DownLoadAssets/Image/Img_NoteContainer.png
  artifactKey: Guid(c2768f8fe6ab7ff49977d752b6f9665a) Importer(815301076,1909f56bfc062723c751e8b465ee728b)
Start importing Assets/DownLoadAssets/Image/Img_NoteContainer.png using Guid(c2768f8fe6ab7ff49977d752b6f9665a) Importer(815301076,1909f56bfc062723c751e8b465ee728b)  -> (artifact id: 'e1e8eb1b535920488839304fd4c5ae8e') in 0.036089 seconds 
========================================================================
Received Import Request.
  Time since last request: 0.000029 seconds.
  path: Assets/DownLoadAssets/Image/Img_TutorialObstacle_5.png
  artifactKey: Guid(abaa89de69e6d14489e19be92f926385) Importer(815301076,1909f56bfc062723c751e8b465ee728b)
Start importing Assets/DownLoadAssets/Image/Img_TutorialObstacle_5.png using Guid(abaa89de69e6d14489e19be92f926385) Importer(815301076,1909f56bfc062723c751e8b465ee728b)  -> (artifact id: 'b20ab4b7cb88df6c1969b18dc85e8443') in 0.022508 seconds 
========================================================================
Received Import Request.
  Time since last request: 0.000020 seconds.
  path: Assets/DownLoadAssets/Image/Img_Arrow.png
  artifactKey: Guid(18f88c2e08d54444993095edcaf9e13f) Importer(815301076,1909f56bfc062723c751e8b465ee728b)
Start importing Assets/DownLoadAssets/Image/Img_Arrow.png using Guid(18f88c2e08d54444993095edcaf9e13f) Importer(815301076,1909f56bfc062723c751e8b465ee728b)  -> (artifact id: '77ccf277e2a02ca0a2810d30c2ae7ba2') in 0.028838 seconds 
========================================================================
Received Import Request.
  Time since last request: 0.000023 seconds.
  path: Assets/DownLoadAssets/Image/Img_Cool.png
  artifactKey: Guid(255e1b800ecd56f45a8d4af9ac592ddc) Importer(815301076,1909f56bfc062723c751e8b465ee728b)
Start importing Assets/DownLoadAssets/Image/Img_Cool.png using Guid(255e1b800ecd56f45a8d4af9ac592ddc) Importer(815301076,1909f56bfc062723c751e8b465ee728b)  -> (artifact id: '11cd9a124011549195b60c9a5616c437') in 0.024741 seconds 
========================================================================
Received Import Request.
  Time since last request: 0.000016 seconds.
  path: Assets/DownLoadAssets/Image/Img_TutorialObstacle_7.png
  artifactKey: Guid(dc81603e31524a44386ddd388278f531) Importer(815301076,1909f56bfc062723c751e8b465ee728b)
Start importing Assets/DownLoadAssets/Image/Img_TutorialObstacle_7.png using Guid(dc81603e31524a44386ddd388278f531) Importer(815301076,1909f56bfc062723c751e8b465ee728b)  -> (artifact id: '40c8a9dc5724edb53a42a5d01232590b') in 0.015257 seconds 
========================================================================
Received Import Request.
  Time since last request: 0.000020 seconds.
  path: Assets/DownLoadAssets/Image/Img_TxtOption.png
  artifactKey: Guid(3508db758363a8d419a51d40a518ce92) Importer(815301076,1909f56bfc062723c751e8b465ee728b)
Start importing Assets/DownLoadAssets/Image/Img_TxtOption.png using Guid(3508db758363a8d419a51d40a518ce92) Importer(815301076,1909f56bfc062723c751e8b465ee728b)  -> (artifact id: '6031f6dcf16afc5a5189ff052f46eb94') in 0.021497 seconds 
========================================================================
Received Import Request.
  Time since last request: 0.000025 seconds.
  path: Assets/DownLoadAssets/Image/Img_TutorialObstacle_0.png
  artifactKey: Guid(47f590b0c501dab4d92b609e65187b9c) Importer(815301076,1909f56bfc062723c751e8b465ee728b)
Start importing Assets/DownLoadAssets/Image/Img_TutorialObstacle_0.png using Guid(47f590b0c501dab4d92b609e65187b9c) Importer(815301076,1909f56bfc062723c751e8b465ee728b)  -> (artifact id: '8b75b565f6fd5ed9bc4a458e4cc76de1') in 0.015404 seconds 
========================================================================
Received Import Request.
  Time since last request: 0.000033 seconds.
  path: Assets/DownLoadAssets/Image/Img_MUSIC.png
  artifactKey: Guid(08dd73f4a253e9944b04c5ccf72afe4d) Importer(815301076,1909f56bfc062723c751e8b465ee728b)
Start importing Assets/DownLoadAssets/Image/Img_MUSIC.png using Guid(08dd73f4a253e9944b04c5ccf72afe4d) Importer(815301076,1909f56bfc062723c751e8b465ee728b)  -> (artifact id: '993102123d3afd0933fc44e31743b03e') in 0.026095 seconds 
========================================================================
Received Import Request.
  Time since last request: 0.000024 seconds.
  path: Assets/DownLoadAssets/Image/Img_TxtSlideUp.png
  artifactKey: Guid(2b5fe1c6e42c7834ab7b0bb5c0851852) Importer(815301076,1909f56bfc062723c751e8b465ee728b)
Start importing Assets/DownLoadAssets/Image/Img_TxtSlideUp.png using Guid(2b5fe1c6e42c7834ab7b0bb5c0851852) Importer(815301076,1909f56bfc062723c751e8b465ee728b)  -> (artifact id: '47981598071518cde501743836dacb3f') in 0.015984 seconds 
========================================================================
Received Import Request.
  Time since last request: 0.000022 seconds.
  path: Assets/DownLoadAssets/Image/Img_Btn2.png
  artifactKey: Guid(7478c76b38a23f5439eb668e9023d569) Importer(815301076,1909f56bfc062723c751e8b465ee728b)
Start importing Assets/DownLoadAssets/Image/Img_Btn2.png using Guid(7478c76b38a23f5439eb668e9023d569) Importer(815301076,1909f56bfc062723c751e8b465ee728b)  -> (artifact id: 'cdfc885a31a4801b8aa5941f15dc4250') in 0.017453 seconds 
========================================================================
Received Import Request.
  Time since last request: 0.000021 seconds.
  path: Assets/DownLoadAssets/Image/Img_Board2.png
  artifactKey: Guid(497e9cec86220794db9a67a117ca9fed) Importer(815301076,1909f56bfc062723c751e8b465ee728b)
Start importing Assets/DownLoadAssets/Image/Img_Board2.png using Guid(497e9cec86220794db9a67a117ca9fed) Importer(815301076,1909f56bfc062723c751e8b465ee728b)  -> (artifact id: 'ee4c391b74ff79245ee72205dae49849') in 0.023522 seconds 
========================================================================
Received Import Request.
  Time since last request: 0.000016 seconds.
  path: Assets/DownLoadAssets/Image/Img_Play.png
  artifactKey: Guid(986851fb769966b48b2206ad89dca7e5) Importer(815301076,1909f56bfc062723c751e8b465ee728b)
Start importing Assets/DownLoadAssets/Image/Img_Play.png using Guid(986851fb769966b48b2206ad89dca7e5) Importer(815301076,1909f56bfc062723c751e8b465ee728b)  -> (artifact id: '25015c3033920676274020928bbd8ebc') in 0.020974 seconds 
========================================================================
Received Import Request.
  Time since last request: 0.000031 seconds.
  path: Assets/DownLoadAssets/Image/Img_Good.png
  artifactKey: Guid(3873161433b49b1489301ba2e217c8d6) Importer(815301076,1909f56bfc062723c751e8b465ee728b)
Start importing Assets/DownLoadAssets/Image/Img_Good.png using Guid(3873161433b49b1489301ba2e217c8d6) Importer(815301076,1909f56bfc062723c751e8b465ee728b)  -> (artifact id: 'a336fa68a12322e0ffea71fcaa3fd549') in 0.023236 seconds 
========================================================================
Received Import Request.
  Time since last request: 0.000020 seconds.
  path: Assets/DownLoadAssets/Image/Img_BtnRanking.png
  artifactKey: Guid(930cc9148c76ae6488feb312291506e4) Importer(815301076,1909f56bfc062723c751e8b465ee728b)
Start importing Assets/DownLoadAssets/Image/Img_BtnRanking.png using Guid(930cc9148c76ae6488feb312291506e4) Importer(815301076,1909f56bfc062723c751e8b465ee728b)  -> (artifact id: '7c8aad1785d128338aace3da36aa0261') in 0.022645 seconds 
========================================================================
Received Import Request.
  Time since last request: 0.000024 seconds.
  path: Assets/DownLoadAssets/Image/Img_BtnPlay.png
  artifactKey: Guid(14c8de2ade825994cb05f834fcb1407f) Importer(815301076,1909f56bfc062723c751e8b465ee728b)
Start importing Assets/DownLoadAssets/Image/Img_BtnPlay.png using Guid(14c8de2ade825994cb05f834fcb1407f) Importer(815301076,1909f56bfc062723c751e8b465ee728b)  -> (artifact id: '65123662dbf2af699b93604ca2faa4c3') in 0.021576 seconds 
========================================================================
Received Import Request.
  Time since last request: 0.000021 seconds.
  path: Assets/DownLoadAssets/Image/Img_Bar.png
  artifactKey: Guid(9660f9cc31b6ed3469eb6bc57714a171) Importer(815301076,1909f56bfc062723c751e8b465ee728b)
Start importing Assets/DownLoadAssets/Image/Img_Bar.png using Guid(9660f9cc31b6ed3469eb6bc57714a171) Importer(815301076,1909f56bfc062723c751e8b465ee728b)  -> (artifact id: '8e461d0f231ed7e1bb3b37ac1a714685') in 0.017586 seconds 
========================================================================
Received Import Request.
  Time since last request: 0.000019 seconds.
  path: Assets/DownLoadAssets/Image/Img_TxTResult.png
  artifactKey: Guid(849eb440bfe097c4599c15d96d300a2d) Importer(815301076,1909f56bfc062723c751e8b465ee728b)
Start importing Assets/DownLoadAssets/Image/Img_TxTResult.png using Guid(849eb440bfe097c4599c15d96d300a2d) Importer(815301076,1909f56bfc062723c751e8b465ee728b)  -> (artifact id: '91e3288ce632dc8d7d60061da4c8b65b') in 0.019178 seconds 
========================================================================
Received Import Request.
  Time since last request: 0.000023 seconds.
  path: Assets/DownLoadAssets/Image/Img_BtnEasy.png
  artifactKey: Guid(2ed7b5f44385b5d4fbac4cc04436294f) Importer(815301076,1909f56bfc062723c751e8b465ee728b)
Start importing Assets/DownLoadAssets/Image/Img_BtnEasy.png using Guid(2ed7b5f44385b5d4fbac4cc04436294f) Importer(815301076,1909f56bfc062723c751e8b465ee728b)  -> (artifact id: '0c72e694f28f8248d263247ccfac5616') in 0.015404 seconds 
========================================================================
Received Import Request.
  Time since last request: 0.000028 seconds.
  path: Assets/DownLoadAssets/Image/Img_List2.png
  artifactKey: Guid(62e12e64ee0d44542932bd50504b86eb) Importer(815301076,1909f56bfc062723c751e8b465ee728b)
Start importing Assets/DownLoadAssets/Image/Img_List2.png using Guid(62e12e64ee0d44542932bd50504b86eb) Importer(815301076,1909f56bfc062723c751e8b465ee728b)  -> (artifact id: 'a72696f048713bb70e2419eb150c8e14') in 0.017625 seconds 
========================================================================
Received Import Request.
  Time since last request: 0.000019 seconds.
  path: Assets/DownLoadAssets/Image/Img_Ranking_1st.png
  artifactKey: Guid(b06942706bd7d9f4eb5bdae20ed1005a) Importer(815301076,1909f56bfc062723c751e8b465ee728b)
Start importing Assets/DownLoadAssets/Image/Img_Ranking_1st.png using Guid(b06942706bd7d9f4eb5bdae20ed1005a) Importer(815301076,1909f56bfc062723c751e8b465ee728b)  -> (artifact id: '979bf608e841280701e84d4d61b9eb9d') in 0.017071 seconds 
========================================================================
Received Import Request.
  Time since last request: 0.000023 seconds.
  path: Assets/DownLoadAssets/Image/Img_Bad.png
  artifactKey: Guid(33b37f29e8833c841a28c11abc847ce8) Importer(815301076,1909f56bfc062723c751e8b465ee728b)
Start importing Assets/DownLoadAssets/Image/Img_Bad.png using Guid(33b37f29e8833c841a28c11abc847ce8) Importer(815301076,1909f56bfc062723c751e8b465ee728b)  -> (artifact id: '5c09a7cf61b036c9421931fcbd034023') in 0.025618 seconds 
========================================================================
Received Import Request.
  Time since last request: 0.000021 seconds.
  path: Assets/DownLoadAssets/Image/Img_Btn.png
  artifactKey: Guid(331122254f3571c4c835b5d4cddf6505) Importer(815301076,1909f56bfc062723c751e8b465ee728b)
Start importing Assets/DownLoadAssets/Image/Img_Btn.png using Guid(331122254f3571c4c835b5d4cddf6505) Importer(815301076,1909f56bfc062723c751e8b465ee728b)  -> (artifact id: '8fea074cd166123ad6531aa3006f845d') in 0.018191 seconds 
========================================================================
Received Import Request.
  Time since last request: 0.000018 seconds.
  path: Assets/DownLoadAssets/Image/Img_Box1.png
  artifactKey: Guid(bb4635733935cae47b62cfa09763e4c5) Importer(815301076,1909f56bfc062723c751e8b465ee728b)
Start importing Assets/DownLoadAssets/Image/Img_Box1.png using Guid(bb4635733935cae47b62cfa09763e4c5) Importer(815301076,1909f56bfc062723c751e8b465ee728b)  -> (artifact id: '0b7436fd78b562d02207e4d825a1fe3b') in 0.023027 seconds 
========================================================================
Received Import Request.
  Time since last request: 0.000020 seconds.
  path: Assets/DownLoadAssets/Image/Img_TxtClear.png
  artifactKey: Guid(907b7be07b5501f4aa6b04c24b7cd021) Importer(815301076,1909f56bfc062723c751e8b465ee728b)
Start importing Assets/DownLoadAssets/Image/Img_TxtClear.png using Guid(907b7be07b5501f4aa6b04c24b7cd021) Importer(815301076,1909f56bfc062723c751e8b465ee728b)  -> (artifact id: '7ab19923182eddb7781759045cc9ae5a') in 0.018127 seconds 
========================================================================
Received Import Request.
  Time since last request: 0.000021 seconds.
  path: Assets/DownLoadAssets/Image/Img_ShieldGrass.png
  artifactKey: Guid(5b74655a1f2a90b488463e57b518cd4a) Importer(815301076,1909f56bfc062723c751e8b465ee728b)
Start importing Assets/DownLoadAssets/Image/Img_ShieldGrass.png using Guid(5b74655a1f2a90b488463e57b518cd4a) Importer(815301076,1909f56bfc062723c751e8b465ee728b)  -> (artifact id: 'e4ac6c28ddfcd7dc83a67535667db505') in 0.016044 seconds 
========================================================================
Received Import Request.
  Time since last request: 0.000027 seconds.
  path: Assets/DownLoadAssets/Image/Img_TimerBG.png
  artifactKey: Guid(19376a3e1525b9940a6b08ae3b3257d3) Importer(815301076,1909f56bfc062723c751e8b465ee728b)
Start importing Assets/DownLoadAssets/Image/Img_TimerBG.png using Guid(19376a3e1525b9940a6b08ae3b3257d3) Importer(815301076,1909f56bfc062723c751e8b465ee728b)  -> (artifact id: 'b49181d75f1fa49f228150e5261ab699') in 0.017423 seconds 
========================================================================
Received Import Request.
  Time since last request: 0.000021 seconds.
  path: Assets/DownLoadAssets/Image/Img_BtnStore.png
  artifactKey: Guid(8ba9139cde990da4195604b035649455) Importer(815301076,1909f56bfc062723c751e8b465ee728b)
Start importing Assets/DownLoadAssets/Image/Img_BtnStore.png using Guid(8ba9139cde990da4195604b035649455) Importer(815301076,1909f56bfc062723c751e8b465ee728b)  -> (artifact id: 'e61d484a7451673d59ab5b08752647c5') in 0.019288 seconds 
========================================================================
Received Import Request.
  Time since last request: 0.000018 seconds.
  path: Assets/DownLoadAssets/Image/Img_TxtMaxCombo.png
  artifactKey: Guid(2bfe7dcfa0b0ab34fbc800d252aef7a2) Importer(815301076,1909f56bfc062723c751e8b465ee728b)
Start importing Assets/DownLoadAssets/Image/Img_TxtMaxCombo.png using Guid(2bfe7dcfa0b0ab34fbc800d252aef7a2) Importer(815301076,1909f56bfc062723c751e8b465ee728b)  -> (artifact id: 'd7e530191ce73d2b9e8c5b60ba946017') in 0.017152 seconds 
Editor requested this worker to shutdown with reason: Scaling down because of idle timeout
AssetImportWorker is now disconnected from the server
Process exiting
Exiting without the bug reporter. Application will terminate with return code 0