Using pre-set license
Built from '2021.3/staging' branch; Version is '2021.3.6f1 (7da38d85baf6) revision 8233869'; Using compiler version '192829333'; Build Type 'Release'
OS: 'Windows 10  (10.0.19044) 64bit Core' Language: 'ko' Physical Memory: 16322 MB
BatchMode: 1, IsHumanControllingUs: 0, StartBugReporterOnCrash: 0, Is64bit: 1, IsPro: 1

COMMAND LINE ARGUMENTS:
C:\Program Files\2021.3.6f1\Editor\Unity.exe
-adb2
-batchMode
-noUpm
-name
AssetImportWorker0
-projectPath
C:/Users/kimjh741963/Desktop/R/ResetProject
-logFile
Logs/AssetImportWorker0.log
-srvPort
53964
Successfully changed project path to: C:/Users/kimjh741963/Desktop/R/ResetProject
C:/Users/kimjh741963/Desktop/R/ResetProject
[UnityMemory] Configuration Parameters - Can be set up in boot.config
    "memorysetup-bucket-allocator-granularity=16"
    "memorysetup-bucket-allocator-bucket-count=8"
    "memorysetup-bucket-allocator-block-size=33554432"
    "memorysetup-bucket-allocator-block-count=8"
    "memorysetup-main-allocator-block-size=16777216"
    "memorysetup-thread-allocator-block-size=16777216"
    "memorysetup-gfx-main-allocator-block-size=16777216"
    "memorysetup-gfx-thread-allocator-block-size=16777216"
    "memorysetup-cache-allocator-block-size=4194304"
    "memorysetup-typetree-allocator-block-size=2097152"
    "memorysetup-profiler-bucket-allocator-granularity=16"
    "memorysetup-profiler-bucket-allocator-bucket-count=8"
    "memorysetup-profiler-bucket-allocator-block-size=33554432"
    "memorysetup-profiler-bucket-allocator-block-count=8"
    "memorysetup-profiler-allocator-block-size=16777216"
    "memorysetup-profiler-editor-allocator-block-size=1048576"
    "memorysetup-temp-allocator-size-main=16777216"
    "memorysetup-job-temp-allocator-block-size=2097152"
    "memorysetup-job-temp-allocator-block-size-background=1048576"
    "memorysetup-job-temp-allocator-reduction-small-platforms=262144"
    "memorysetup-temp-allocator-size-background-worker=32768"
    "memorysetup-temp-allocator-size-job-worker=262144"
    "memorysetup-temp-allocator-size-preload-manager=33554432"
    "memorysetup-temp-allocator-size-nav-mesh-worker=65536"
    "memorysetup-temp-allocator-size-audio-worker=65536"
    "memorysetup-temp-allocator-size-cloud-worker=32768"
    "memorysetup-temp-allocator-size-gi-baking-worker=262144"
    "memorysetup-temp-allocator-size-gfx=262144"
Refreshing native plugins compatible for Editor in 81.03 ms, found 3 plugins.
Preloading 0 native plugins for Editor in 0.00 ms.
Initialize engine version: 2021.3.6f1 (7da38d85baf6)
[Subsystems] Discovering subsystems at path C:/Program Files/2021.3.6f1/Editor/Data/Resources/UnitySubsystems
[Subsystems] Discovering subsystems at path C:/Users/kimjh741963/Desktop/R/ResetProject/Assets
GfxDevice: creating device client; threaded=0; jobified=0
Direct3D:
    Version:  Direct3D 11.0 [level 11.1]
    Renderer: NVIDIA GeForce RTX 3070 Ti (ID=0x2482)
    Vendor:   NVIDIA
    VRAM:     8041 MB
    Driver:   30.0.15.1215
Initialize mono
Mono path[0] = 'C:/Program Files/2021.3.6f1/Editor/Data/Managed'
Mono path[1] = 'C:/Program Files/2021.3.6f1/Editor/Data/MonoBleedingEdge/lib/mono/unityjit-win32'
Mono config path = 'C:/Program Files/2021.3.6f1/Editor/Data/MonoBleedingEdge/etc'
Using monoOptions --debugger-agent=transport=dt_socket,embedding=1,server=y,suspend=n,address=127.0.0.1:56476
Begin MonoManager ReloadAssembly
Registering precompiled unity dll's ...
Register platform support module: C:/Program Files/2021.3.6f1/Editor/Data/PlaybackEngines/AndroidPlayer/UnityEditor.Android.Extensions.dll
Register platform support module: C:/Program Files/2021.3.6f1/Editor/Data/PlaybackEngines/WindowsStandaloneSupport/UnityEditor.WindowsStandalone.Extensions.dll
Registered in 0.010509 seconds.
Native extension for WindowsStandalone target not found
Native extension for Android target not found
Refreshing native plugins compatible for Editor in 74.41 ms, found 3 plugins.
Preloading 0 native plugins for Editor in 0.00 ms.
Mono: successfully reloaded assembly
- Completed reload, in  0.644 seconds
Domain Reload Profiling:
	ReloadAssembly (644ms)
		BeginReloadAssembly (94ms)
			ExecutionOrderSort (0ms)
			DisableScriptedObjects (0ms)
			BackupInstance (0ms)
			ReleaseScriptingObjects (0ms)
			CreateAndSetChildDomain (1ms)
		EndReloadAssembly (438ms)
			LoadAssemblies (91ms)
			RebuildTransferFunctionScriptingTraits (0ms)
			SetupTypeCache (100ms)
			ReleaseScriptCaches (0ms)
			RebuildScriptCaches (26ms)
			SetupLoadedEditorAssemblies (260ms)
				LogAssemblyErrors (0ms)
				InitializePlatformSupportModulesInManaged (50ms)
				SetLoadedEditorAssemblies (0ms)
				RefreshPlugins (74ms)
				BeforeProcessingInitializeOnLoad (3ms)
				ProcessInitializeOnLoadAttributes (86ms)
				ProcessInitializeOnLoadMethodAttributes (46ms)
				AfterProcessingInitializeOnLoad (0ms)
				EditorAssembliesLoaded (0ms)
			ExecutionOrderSort2 (0ms)
			AwakeInstancesAfterBackupRestoration (0ms)
Platform modules already initialized, skipping
Registering precompiled user dll's ...
Registered in 0.008796 seconds.
Begin MonoManager ReloadAssembly
Symbol file LoadedFromMemory doesn't match image C:\Users\kimjh741963\Desktop\R\ResetProject\Library\PackageCache\com.unity.visualscripting@1.7.8\Editor\VisualScripting.Core\Dependencies\YamlDotNet\Unity.VisualScripting.YamlDotNet.dll
Symbol file LoadedFromMemory doesn't match image C:\Users\kimjh741963\Desktop\R\ResetProject\Library\PackageCache\com.unity.visualscripting@1.7.8\Editor\VisualScripting.Core\Dependencies\DotNetZip\Unity.VisualScripting.IonicZip.dll
Native extension for WindowsStandalone target not found
Native extension for Android target not found
Refreshing native plugins compatible for Editor in 0.53 ms, found 3 plugins.
Preloading 0 native plugins for Editor in 0.00 ms.
Mono: successfully reloaded assembly
- Completed reload, in  1.131 seconds
Domain Reload Profiling:
	ReloadAssembly (1131ms)
		BeginReloadAssembly (250ms)
			ExecutionOrderSort (0ms)
			DisableScriptedObjects (7ms)
			BackupInstance (0ms)
			ReleaseScriptingObjects (0ms)
			CreateAndSetChildDomain (143ms)
		EndReloadAssembly (772ms)
			LoadAssemblies (107ms)
			RebuildTransferFunctionScriptingTraits (0ms)
			SetupTypeCache (231ms)
			ReleaseScriptCaches (1ms)
			RebuildScriptCaches (46ms)
			SetupLoadedEditorAssemblies (360ms)
				LogAssemblyErrors (0ms)
				InitializePlatformSupportModulesInManaged (17ms)
				SetLoadedEditorAssemblies (0ms)
				RefreshPlugins (1ms)
				BeforeProcessingInitializeOnLoad (98ms)
				ProcessInitializeOnLoadAttributes (205ms)
				ProcessInitializeOnLoadMethodAttributes (26ms)
				AfterProcessingInitializeOnLoad (13ms)
				EditorAssembliesLoaded (0ms)
			ExecutionOrderSort2 (0ms)
			AwakeInstancesAfterBackupRestoration (10ms)
Platform modules already initialized, skipping
========================================================================
Worker process is ready to serve import requests
Launched and connected shader compiler UnityShaderCompiler.exe after 0.04 seconds
Refreshing native plugins compatible for Editor in 0.49 ms, found 3 plugins.
Preloading 0 native plugins for Editor in 0.00 ms.
Unloading 3371 Unused Serialized files (Serialized files now loaded: 0)
Unloading 27 unused Assets / (111.0 KB). Loaded Objects now: 3830.
Memory consumption went from 120.4 MB to 120.3 MB.
Total: 2.616400 ms (FindLiveObjects: 0.245600 ms CreateObjectMapping: 0.187200 ms MarkObjects: 2.099600 ms  DeleteObjects: 0.083300 ms)

AssetImportParameters requested are different than current active one (requested -> active):
  custom:video-decoder-ogg-theora: a1e56fd34408186e4bbccfd4996cb3dc -> 
  custom:container-muxer-webm: aa71ff27fc2769a1b78a27578f13a17b -> 
  custom:container-demuxer-webm: 4f35f7cbe854078d1ac9338744f61a02 -> 
  custom:video-encoder-webm-vp8: eb34c28f22e8b96e1ab97ce403110664 -> 
  custom:audio-encoder-webm-vorbis: bf7c407c2cedff20999df2af8eb42d56 -> 
  custom:framework-win-MediaFoundation: 216162199b28c13a410421893ffa2e32 -> 
  custom:container-demuxer-ogg: 62fdf1f143b41e24485cea50d1cbac27 -> 
  custom:video-decoder-webm-vp8: 9c59270c3fd7afecdb556c50c9e8de78 -> 
  custom:audio-decoder-ogg-vorbis: bf7c407c2cedff20999df2af8eb42d56 -> 
========================================================================
Received Import Request.
  Time since last request: 57454.689684 seconds.
  path: Assets/Sound/Effect/KeySound.wav
  artifactKey: Guid(94d9514a6b3b45048976f622f8c7e229) Importer(815301076,1909f56bfc062723c751e8b465ee728b)
Start importing Assets/Sound/Effect/KeySound.wav using Guid(94d9514a6b3b45048976f622f8c7e229) Importer(815301076,1909f56bfc062723c751e8b465ee728b)  -> (artifact id: '64fe6a742044e85696236c3969b105f3') in 0.095823 seconds 
========================================================================
Received Import Request.
  Time since last request: 7.183718 seconds.
  path: Assets/Sound/Effect/metronome-sounds/metronome.wav
  artifactKey: Guid(5f00c9750f68de04bb9d4d8710028a31) Importer(815301076,1909f56bfc062723c751e8b465ee728b)
Start importing Assets/Sound/Effect/metronome-sounds/metronome.wav using Guid(5f00c9750f68de04bb9d4d8710028a31) Importer(815301076,1909f56bfc062723c751e8b465ee728b)  -> (artifact id: '4d7479260fde698bd07c78a2eede393f') in 0.012357 seconds 
========================================================================
Received Import Request.
  Time since last request: 0.019725 seconds.
  path: Assets/Sound/Effect/metronome-sounds/250551__druminfected__metronomeup.wav
  artifactKey: Guid(6ef5f09db01d0ca4ebe030e593fc2c8f) Importer(815301076,1909f56bfc062723c751e8b465ee728b)
Start importing Assets/Sound/Effect/metronome-sounds/250551__druminfected__metronomeup.wav using Guid(6ef5f09db01d0ca4ebe030e593fc2c8f) Importer(815301076,1909f56bfc062723c751e8b465ee728b)  -> (artifact id: '15ff6a7174854c7c1fcd73a8d224bfb1') in 0.013637 seconds 
========================================================================
Received Import Request.
  Time since last request: 315.054019 seconds.
  path: Assets/Assets
  artifactKey: Guid(7321424db4da84c458d74ed06907a2d6) Importer(815301076,1909f56bfc062723c751e8b465ee728b)
Start importing Assets/Assets using Guid(7321424db4da84c458d74ed06907a2d6) Importer(815301076,1909f56bfc062723c751e8b465ee728b)  -> (artifact id: '449f4bbbc28b8317899a633f69b4c7d5') in 0.005401 seconds 
========================================================================
Received Import Request.
  Time since last request: 13.899238 seconds.
  path: Assets/DownLoadAssets
  artifactKey: Guid(7321424db4da84c458d74ed06907a2d6) Importer(815301076,1909f56bfc062723c751e8b465ee728b)
Start importing Assets/DownLoadAssets using Guid(7321424db4da84c458d74ed06907a2d6) Importer(815301076,1909f56bfc062723c751e8b465ee728b)  -> (artifact id: 'a11c1cb84f7a05dde1d689f7881ddf83') in 0.005386 seconds 
========================================================================
Received Import Request.
  Time since last request: 10.932415 seconds.
  path: Assets/DownLoadAssets/Prefabs
  artifactKey: Guid(b6d2686221205644395b879019224957) Importer(815301076,1909f56bfc062723c751e8b465ee728b)
Start importing Assets/DownLoadAssets/Prefabs using Guid(b6d2686221205644395b879019224957) Importer(815301076,1909f56bfc062723c751e8b465ee728b)  -> (artifact id: 'be3a134600bb1c14693d459ee276c022') in 0.005743 seconds 
========================================================================
Received Import Request.
  Time since last request: 0.901842 seconds.
  path: Assets/DownLoadAssets/Prefabs/Effects
  artifactKey: Guid(5572a58866e73e24e8abe2f432ac02ff) Importer(815301076,1909f56bfc062723c751e8b465ee728b)
Start importing Assets/DownLoadAssets/Prefabs/Effects using Guid(5572a58866e73e24e8abe2f432ac02ff) Importer(815301076,1909f56bfc062723c751e8b465ee728b)  -> (artifact id: '6077e694a8827f2dc77a9c668e756e29') in 0.005084 seconds 
========================================================================
Received Import Request.
  Time since last request: 0.052909 seconds.
  path: Assets/DownLoadAssets/Prefabs/Effects/Smoke.prefab
  artifactKey: Guid(5cf8a334c39c57b40857d8ca20aa8fc0) Importer(815301076,1909f56bfc062723c751e8b465ee728b)
Start importing Assets/DownLoadAssets/Prefabs/Effects/Smoke.prefab using Guid(5cf8a334c39c57b40857d8ca20aa8fc0) Importer(815301076,1909f56bfc062723c751e8b465ee728b)  -> (artifact id: 'afb41f5a3277919eb257627231954652') in 0.109012 seconds 
========================================================================
Received Import Request.
  Time since last request: 2.763009 seconds.
  path: Assets/DownLoadAssets/Image
  artifactKey: Guid(9e94ec43db0b07947a36d3ca904cb711) Importer(815301076,1909f56bfc062723c751e8b465ee728b)
Start importing Assets/DownLoadAssets/Image using Guid(9e94ec43db0b07947a36d3ca904cb711) Importer(815301076,1909f56bfc062723c751e8b465ee728b)  -> (artifact id: '37461b7f03ffdaf01e51314589143ac8') in 0.005371 seconds 
========================================================================
Received Import Request.
  Time since last request: 0.055688 seconds.
  path: Assets/DownLoadAssets/Image/air-blast.png
  artifactKey: Guid(e8ef87f8090afe846bb6584eed118e27) Importer(815301076,1909f56bfc062723c751e8b465ee728b)
Start importing Assets/DownLoadAssets/Image/air-blast.png using Guid(e8ef87f8090afe846bb6584eed118e27) Importer(815301076,1909f56bfc062723c751e8b465ee728b)  -> (artifact id: 'ab666970c1919c0a9ad7cf7c314f4080') in 0.134741 seconds 
========================================================================
Received Import Request.
  Time since last request: 0.000019 seconds.
  path: Assets/DownLoadAssets/Image/Img_Star.png
  artifactKey: Guid(75ada2a2c5c2f9d46a153b4c5d5b4882) Importer(815301076,1909f56bfc062723c751e8b465ee728b)
Start importing Assets/DownLoadAssets/Image/Img_Star.png using Guid(75ada2a2c5c2f9d46a153b4c5d5b4882) Importer(815301076,1909f56bfc062723c751e8b465ee728b)  -> (artifact id: '59f2c4b1324853588bcba61508d1c365') in 0.028920 seconds 
========================================================================
Received Import Request.
  Time since last request: 0.000047 seconds.
  path: Assets/DownLoadAssets/Image/Img_Option.png
  artifactKey: Guid(b6ae43b0a8b027c4d9880186d51566ef) Importer(815301076,1909f56bfc062723c751e8b465ee728b)
Start importing Assets/DownLoadAssets/Image/Img_Option.png using Guid(b6ae43b0a8b027c4d9880186d51566ef) Importer(815301076,1909f56bfc062723c751e8b465ee728b)  -> (artifact id: '66950a4c740d52c089a4812925adb01c') in 0.080100 seconds 
========================================================================
Received Import Request.
  Time since last request: 0.000029 seconds.
  path: Assets/DownLoadAssets/Image/Img_TxTPause.png
  artifactKey: Guid(67098073e5548274694378de11bbb21a) Importer(815301076,1909f56bfc062723c751e8b465ee728b)
Start importing Assets/DownLoadAssets/Image/Img_TxTPause.png using Guid(67098073e5548274694378de11bbb21a) Importer(815301076,1909f56bfc062723c751e8b465ee728b)  -> (artifact id: '3c95291bbb81ffa413de361402a113e0') in 0.034347 seconds 
========================================================================
Received Import Request.
  Time since last request: 0.000017 seconds.
  path: Assets/DownLoadAssets/Image/Img_MenuStore.png
  artifactKey: Guid(2d6d86581f233464fa32f562458cf7fa) Importer(815301076,1909f56bfc062723c751e8b465ee728b)
Start importing Assets/DownLoadAssets/Image/Img_MenuStore.png using Guid(2d6d86581f233464fa32f562458cf7fa) Importer(815301076,1909f56bfc062723c751e8b465ee728b)  -> (artifact id: '8939dc1d7dba03df85b1efde53682371') in 0.041968 seconds 
========================================================================
Received Import Request.
  Time since last request: 0.000027 seconds.
  path: Assets/DownLoadAssets/Image/Img_BackBtn.png
  artifactKey: Guid(a2514a25b7d040b43b3096070a6c9f0a) Importer(815301076,1909f56bfc062723c751e8b465ee728b)
Start importing Assets/DownLoadAssets/Image/Img_BackBtn.png using Guid(a2514a25b7d040b43b3096070a6c9f0a) Importer(815301076,1909f56bfc062723c751e8b465ee728b)  -> (artifact id: '2d637a474ce09cbca7f407e578894aa0') in 0.029041 seconds 
========================================================================
Received Import Request.
  Time since last request: 0.000031 seconds.
  path: Assets/DownLoadAssets/Image/Img_Rect2.png
  artifactKey: Guid(28dddda354387aa4c9e3130163331862) Importer(815301076,1909f56bfc062723c751e8b465ee728b)
Start importing Assets/DownLoadAssets/Image/Img_Rect2.png using Guid(28dddda354387aa4c9e3130163331862) Importer(815301076,1909f56bfc062723c751e8b465ee728b)  -> (artifact id: 'b680d6613d3c20c48ff630641543a7e3') in 0.016986 seconds 
========================================================================
Received Import Request.
  Time since last request: 0.000028 seconds.
  path: Assets/DownLoadAssets/Image/Img_TimerGlass.png
  artifactKey: Guid(03a66601623e7bd4382d28194164a0a1) Importer(815301076,1909f56bfc062723c751e8b465ee728b)
Start importing Assets/DownLoadAssets/Image/Img_TimerGlass.png using Guid(03a66601623e7bd4382d28194164a0a1) Importer(815301076,1909f56bfc062723c751e8b465ee728b)  -> (artifact id: '98ede58de7100522556ba1a7ff2ae3c1') in 0.016092 seconds 
========================================================================
Received Import Request.
  Time since last request: 0.000019 seconds.
  path: Assets/DownLoadAssets/Image/Img_TxTRanking.png
  artifactKey: Guid(877f19bba116cbb44b7a27649e339af3) Importer(815301076,1909f56bfc062723c751e8b465ee728b)
Start importing Assets/DownLoadAssets/Image/Img_TxTRanking.png using Guid(877f19bba116cbb44b7a27649e339af3) Importer(815301076,1909f56bfc062723c751e8b465ee728b)  -> (artifact id: 'cf5d73180ead279699dbb64949c9974d') in 0.025130 seconds 
========================================================================
Received Import Request.
  Time since last request: 0.000020 seconds.
  path: Assets/DownLoadAssets/Image/Img_Ranking.png
  artifactKey: Guid(8d473931fe1d29e4cb0c8d9fefe49149) Importer(815301076,1909f56bfc062723c751e8b465ee728b)
Start importing Assets/DownLoadAssets/Image/Img_Ranking.png using Guid(8d473931fe1d29e4cb0c8d9fefe49149) Importer(815301076,1909f56bfc062723c751e8b465ee728b)  -> (artifact id: '56b0dfa56cbfdc134468734d2c01b46f') in 0.031459 seconds 
========================================================================
Received Import Request.
  Time since last request: 0.000026 seconds.
  path: Assets/DownLoadAssets/Image/Img_Combo.png
  artifactKey: Guid(1cab6e3380e9a25459d6ffbde96b51c2) Importer(815301076,1909f56bfc062723c751e8b465ee728b)
Start importing Assets/DownLoadAssets/Image/Img_Combo.png using Guid(1cab6e3380e9a25459d6ffbde96b51c2) Importer(815301076,1909f56bfc062723c751e8b465ee728b)  -> (artifact id: '367a0ce54ed814eabb1414856295bde8') in 0.026653 seconds 
========================================================================
Received Import Request.
  Time since last request: 0.000015 seconds.
  path: Assets/DownLoadAssets/Image/Img_Jump Up.png
  artifactKey: Guid(9a6240fcc3c26e5409b84b31ca679d3e) Importer(815301076,1909f56bfc062723c751e8b465ee728b)
Start importing Assets/DownLoadAssets/Image/Img_Jump Up.png using Guid(9a6240fcc3c26e5409b84b31ca679d3e) Importer(815301076,1909f56bfc062723c751e8b465ee728b)  -> (artifact id: '12f831b550d1a378cbe94cdc83b528d1') in 0.027219 seconds 
========================================================================
Received Import Request.
  Time since last request: 0.000025 seconds.
  path: Assets/DownLoadAssets/Image/Img_Ranking_2nd.png
  artifactKey: Guid(4c7d9274bb7b2874fa43758564929f30) Importer(815301076,1909f56bfc062723c751e8b465ee728b)
Start importing Assets/DownLoadAssets/Image/Img_Ranking_2nd.png using Guid(4c7d9274bb7b2874fa43758564929f30) Importer(815301076,1909f56bfc062723c751e8b465ee728b)  -> (artifact id: '41c44903e44bc5097d23d8b6fd3f1fdb') in 0.016196 seconds 
========================================================================
Received Import Request.
  Time since last request: 0.000022 seconds.
  path: Assets/DownLoadAssets/Image/Img_TxtMessage.png
  artifactKey: Guid(0cc38e13fae6149469e14ab3899cf7f9) Importer(815301076,1909f56bfc062723c751e8b465ee728b)
Start importing Assets/DownLoadAssets/Image/Img_TxtMessage.png using Guid(0cc38e13fae6149469e14ab3899cf7f9) Importer(815301076,1909f56bfc062723c751e8b465ee728b)  -> (artifact id: 'fbfa5999c9bc8783eba80dff46f380cc') in 0.017686 seconds 
========================================================================
Received Import Request.
  Time since last request: 0.000018 seconds.
  path: Assets/DownLoadAssets/Image/Img_Board1.png
  artifactKey: Guid(bb31a42128b7b604aac2b49d297310f5) Importer(815301076,1909f56bfc062723c751e8b465ee728b)
Start importing Assets/DownLoadAssets/Image/Img_Board1.png using Guid(bb31a42128b7b604aac2b49d297310f5) Importer(815301076,1909f56bfc062723c751e8b465ee728b)  -> (artifact id: 'e50c44455ca891cccffbd8ee95b535bf') in 0.037268 seconds 
========================================================================
Received Import Request.
  Time since last request: 0.000020 seconds.
  path: Assets/DownLoadAssets/Image/Img_ControllBound.png
  artifactKey: Guid(e91efb8a0439b8d43a8163bbaa784ce6) Importer(815301076,1909f56bfc062723c751e8b465ee728b)
Start importing Assets/DownLoadAssets/Image/Img_ControllBound.png using Guid(e91efb8a0439b8d43a8163bbaa784ce6) Importer(815301076,1909f56bfc062723c751e8b465ee728b)  -> (artifact id: '24c8d56f3191c1b631608e8de947640b') in 0.017587 seconds 
========================================================================
Received Import Request.
  Time since last request: 0.000040 seconds.
  path: Assets/DownLoadAssets/Image/Img_OptionOFF.png
  artifactKey: Guid(07fcb704efbd8a34682131d823f486e2) Importer(815301076,1909f56bfc062723c751e8b465ee728b)
Start importing Assets/DownLoadAssets/Image/Img_OptionOFF.png using Guid(07fcb704efbd8a34682131d823f486e2) Importer(815301076,1909f56bfc062723c751e8b465ee728b)  -> (artifact id: 'b94d0be2338d504ab7cea2670ff9576d') in 0.022923 seconds 
========================================================================
Received Import Request.
  Time since last request: 0.000023 seconds.
  path: Assets/DownLoadAssets/Image/Img_Box4.png
  artifactKey: Guid(4599177955116fd4bac71697d601dd91) Importer(815301076,1909f56bfc062723c751e8b465ee728b)
Start importing Assets/DownLoadAssets/Image/Img_Box4.png using Guid(4599177955116fd4bac71697d601dd91) Importer(815301076,1909f56bfc062723c751e8b465ee728b)  -> (artifact id: '7592034c715bac77eb1ff7d66bef3593') in 0.024042 seconds 
========================================================================
Received Import Request.
  Time since last request: 0.000024 seconds.
  path: Assets/DownLoadAssets/Image/Img_Miss.png
  artifactKey: Guid(c012edd5c3aa965439a21c55cdaa6837) Importer(815301076,1909f56bfc062723c751e8b465ee728b)
Start importing Assets/DownLoadAssets/Image/Img_Miss.png using Guid(c012edd5c3aa965439a21c55cdaa6837) Importer(815301076,1909f56bfc062723c751e8b465ee728b)  -> (artifact id: '5c2db113d51ea8df2d3a27c70aadc1b9') in 0.033252 seconds 
========================================================================
Received Import Request.
  Time since last request: 0.000032 seconds.
  path: Assets/DownLoadAssets/Image/Img_ShieldGauge.png
  artifactKey: Guid(91173743fb922f44daaf409961d45037) Importer(815301076,1909f56bfc062723c751e8b465ee728b)
Start importing Assets/DownLoadAssets/Image/Img_ShieldGauge.png using Guid(91173743fb922f44daaf409961d45037) Importer(815301076,1909f56bfc062723c751e8b465ee728b)  -> (artifact id: '7b0ce14c85481c4f47a9045d4a7d3fa8') in 0.019934 seconds 
========================================================================
Received Import Request.
  Time since last request: 0.000029 seconds.
  path: Assets/DownLoadAssets/Image/Img_TutorialObstacle_1.png
  artifactKey: Guid(e56e7a6ba13ff024298e249b96696d7c) Importer(815301076,1909f56bfc062723c751e8b465ee728b)
Start importing Assets/DownLoadAssets/Image/Img_TutorialObstacle_1.png using Guid(e56e7a6ba13ff024298e249b96696d7c) Importer(815301076,1909f56bfc062723c751e8b465ee728b)  -> (artifact id: 'f9ff2364e869125ba213da99435f48a1') in 0.017246 seconds 
========================================================================
Received Import Request.
  Time since last request: 0.000034 seconds.
  path: Assets/DownLoadAssets/Image/Img_CUBIC.png
  artifactKey: Guid(0e614638ecedb0145a90b97243c94e3d) Importer(815301076,1909f56bfc062723c751e8b465ee728b)
Start importing Assets/DownLoadAssets/Image/Img_CUBIC.png using Guid(0e614638ecedb0145a90b97243c94e3d) Importer(815301076,1909f56bfc062723c751e8b465ee728b)  -> (artifact id: 'ebf4d7749430f22af97b8118583975f0') in 0.070711 seconds 
========================================================================
Received Import Request.
  Time since last request: 0.000022 seconds.
  path: Assets/DownLoadAssets/Image/Img_NoteContainerLine.png
  artifactKey: Guid(815cca58878c19f44b63b85085b8668b) Importer(815301076,1909f56bfc062723c751e8b465ee728b)
Start importing Assets/DownLoadAssets/Image/Img_NoteContainerLine.png using Guid(815cca58878c19f44b63b85085b8668b) Importer(815301076,1909f56bfc062723c751e8b465ee728b)  -> (artifact id: '0af5f81983f872746c93e97fcf0f33e2') in 0.037239 seconds 
========================================================================
Received Import Request.
  Time since last request: 0.000038 seconds.
  path: Assets/DownLoadAssets/Image/Img_TxtPoints.png
  artifactKey: Guid(86e9280fc862ebb43807650e37b72815) Importer(815301076,1909f56bfc062723c751e8b465ee728b)
Start importing Assets/DownLoadAssets/Image/Img_TxtPoints.png using Guid(86e9280fc862ebb43807650e37b72815) Importer(815301076,1909f56bfc062723c751e8b465ee728b)  -> (artifact id: 'c28bf8a54471ee41bda8068b0a6fda41') in 0.023061 seconds 
========================================================================
Received Import Request.
  Time since last request: 0.000028 seconds.
  path: Assets/DownLoadAssets/Image/Img_BtnNormal.png
  artifactKey: Guid(eca603a8f619e2b49b1411e69cadd097) Importer(815301076,1909f56bfc062723c751e8b465ee728b)
Start importing Assets/DownLoadAssets/Image/Img_BtnNormal.png using Guid(eca603a8f619e2b49b1411e69cadd097) Importer(815301076,1909f56bfc062723c751e8b465ee728b)  -> (artifact id: 'b2f694052e0b366445e2bac83c741d8c') in 0.018023 seconds 
========================================================================
Received Import Request.
  Time since last request: 0.000021 seconds.
  path: Assets/DownLoadAssets/Image/Img_Stage.png
  artifactKey: Guid(7c11161d2f31a504289cda4eeb88ebbf) Importer(815301076,1909f56bfc062723c751e8b465ee728b)
Start importing Assets/DownLoadAssets/Image/Img_Stage.png using Guid(7c11161d2f31a504289cda4eeb88ebbf) Importer(815301076,1909f56bfc062723c751e8b465ee728b)  -> (artifact id: '4569b76052434a3066585e46f9f6ba47') in 0.031832 seconds 
========================================================================
Received Import Request.
  Time since last request: 0.000019 seconds.
  path: Assets/DownLoadAssets/Image/Img_TutorialObstacle_6.png
  artifactKey: Guid(1fbaa7e2e8d72424784e58e1724ce50d) Importer(815301076,1909f56bfc062723c751e8b465ee728b)
Start importing Assets/DownLoadAssets/Image/Img_TutorialObstacle_6.png using Guid(1fbaa7e2e8d72424784e58e1724ce50d) Importer(815301076,1909f56bfc062723c751e8b465ee728b)  -> (artifact id: '7263675be07b6340362bb2c24f9df4a1') in 0.015147 seconds 
========================================================================
Received Import Request.
  Time since last request: 0.000019 seconds.
  path: Assets/DownLoadAssets/Image/Img_Ray.png
  artifactKey: Guid(4b2d7205d56ab1d48b57afeda4b8dac1) Importer(815301076,1909f56bfc062723c751e8b465ee728b)
Start importing Assets/DownLoadAssets/Image/Img_Ray.png using Guid(4b2d7205d56ab1d48b57afeda4b8dac1) Importer(815301076,1909f56bfc062723c751e8b465ee728b)  -> (artifact id: 'fa55f82c17605cb34050d1508d7b1af1') in 0.019836 seconds 
========================================================================
Received Import Request.
  Time since last request: 0.000018 seconds.
  path: Assets/DownLoadAssets/Image/Img_Box3.png
  artifactKey: Guid(e49ba2e9845ad4c4686d904abcd9c67f) Importer(815301076,1909f56bfc062723c751e8b465ee728b)
Start importing Assets/DownLoadAssets/Image/Img_Box3.png using Guid(e49ba2e9845ad4c4686d904abcd9c67f) Importer(815301076,1909f56bfc062723c751e8b465ee728b)  -> (artifact id: 'd3c8e8f805e334957a6c8a39cd85a747') in 0.022988 seconds 
========================================================================
Received Import Request.
  Time since last request: 0.000019 seconds.
  path: Assets/DownLoadAssets/Image/Img_Normal.png
  artifactKey: Guid(96ec4622a5fc7724c9ea2871b0a5736e) Importer(815301076,1909f56bfc062723c751e8b465ee728b)
Start importing Assets/DownLoadAssets/Image/Img_Normal.png using Guid(96ec4622a5fc7724c9ea2871b0a5736e) Importer(815301076,1909f56bfc062723c751e8b465ee728b)  -> (artifact id: 'b778d62dda8d59e1ae7445d2fda06be9') in 0.025574 seconds 
========================================================================
Received Import Request.
  Time since last request: 0.000025 seconds.
  path: Assets/DownLoadAssets/Image/Img_OptionBar.png
  artifactKey: Guid(469dc70fb1b8c2344ac2cde50bb92cd0) Importer(815301076,1909f56bfc062723c751e8b465ee728b)
Start importing Assets/DownLoadAssets/Image/Img_OptionBar.png using Guid(469dc70fb1b8c2344ac2cde50bb92cd0) Importer(815301076,1909f56bfc062723c751e8b465ee728b)  -> (artifact id: 'b78b416db8598dbe33f980611488f53b') in 0.019483 seconds 
========================================================================
Received Import Request.
  Time since last request: 0.000023 seconds.
  path: Assets/DownLoadAssets/Image/Img_MenuOptionIcon.png
  artifactKey: Guid(dad5603b7e2fae54688f821dbe4ec6f7) Importer(815301076,1909f56bfc062723c751e8b465ee728b)
Start importing Assets/DownLoadAssets/Image/Img_MenuOptionIcon.png using Guid(dad5603b7e2fae54688f821dbe4ec6f7) Importer(815301076,1909f56bfc062723c751e8b465ee728b)  -> (artifact id: '0993e08d579808dc37d20fe46213bc40') in 0.025703 seconds 
========================================================================
Received Import Request.
  Time since last request: 0.000023 seconds.
  path: Assets/DownLoadAssets/Image/Img_TxtNewRecord.png
  artifactKey: Guid(d3d87782630693c47abf0e7d422f3470) Importer(815301076,1909f56bfc062723c751e8b465ee728b)
Start importing Assets/DownLoadAssets/Image/Img_TxtNewRecord.png using Guid(d3d87782630693c47abf0e7d422f3470) Importer(815301076,1909f56bfc062723c751e8b465ee728b)  -> (artifact id: 'a0876b77e371653442d5c75ee007ae8c') in 0.018390 seconds 
========================================================================
Received Import Request.
  Time since last request: 0.000019 seconds.
  path: Assets/DownLoadAssets/Image/Img_MenuStoreIcon.png
  artifactKey: Guid(77c7841feab2f654f996e5cb78b01329) Importer(815301076,1909f56bfc062723c751e8b465ee728b)
Start importing Assets/DownLoadAssets/Image/Img_MenuStoreIcon.png using Guid(77c7841feab2f654f996e5cb78b01329) Importer(815301076,1909f56bfc062723c751e8b465ee728b)  -> (artifact id: 'b812840aa8fa1e0351687d10b4912332') in 0.025309 seconds 
========================================================================
Received Import Request.
  Time since last request: 0.000015 seconds.
  path: Assets/DownLoadAssets/Image/Img_Perfect.png
  artifactKey: Guid(e4ee73b7e9dc7c741ad847b05ec82930) Importer(815301076,1909f56bfc062723c751e8b465ee728b)
Start importing Assets/DownLoadAssets/Image/Img_Perfect.png using Guid(e4ee73b7e9dc7c741ad847b05ec82930) Importer(815301076,1909f56bfc062723c751e8b465ee728b)  -> (artifact id: '339a624225042efc5c0534d1815a9068') in 0.027092 seconds 
========================================================================
Received Import Request.
  Time since last request: 0.000023 seconds.
  path: Assets/DownLoadAssets/Image/Img_TutorialObstacle_2.png
  artifactKey: Guid(fb63b5c91462eda4285f20c28c634c4b) Importer(815301076,1909f56bfc062723c751e8b465ee728b)
Start importing Assets/DownLoadAssets/Image/Img_TutorialObstacle_2.png using Guid(fb63b5c91462eda4285f20c28c634c4b) Importer(815301076,1909f56bfc062723c751e8b465ee728b)  -> (artifact id: '290ed230f0ce5ccc55e0d982a45b0724') in 0.013492 seconds 
========================================================================
Received Import Request.
  Time since last request: 0.000014 seconds.
  path: Assets/DownLoadAssets/Image/Img_MenuOption.png
  artifactKey: Guid(b5e7b8869bb59a74ba98bdd87248cd25) Importer(815301076,1909f56bfc062723c751e8b465ee728b)
Start importing Assets/DownLoadAssets/Image/Img_MenuOption.png using Guid(b5e7b8869bb59a74ba98bdd87248cd25) Importer(815301076,1909f56bfc062723c751e8b465ee728b)  -> (artifact id: '6aa4c63a3cf0436533ce1c41556ef431') in 0.024988 seconds 
========================================================================
Received Import Request.
  Time since last request: 0.000017 seconds.
  path: Assets/DownLoadAssets/Image/Img_TxtNew.png
  artifactKey: Guid(7802693357cee414aab11928c9cbc5a3) Importer(815301076,1909f56bfc062723c751e8b465ee728b)
Start importing Assets/DownLoadAssets/Image/Img_TxtNew.png using Guid(7802693357cee414aab11928c9cbc5a3) Importer(815301076,1909f56bfc062723c751e8b465ee728b)  -> (artifact id: '74a54b8ab0761c54cdc34debcb25360b') in 0.016539 seconds 
========================================================================
Received Import Request.
  Time since last request: 0.000016 seconds.
  path: Assets/DownLoadAssets/Image/Img_TxtUpAndDOwn.png
  artifactKey: Guid(2a8f9341d378eaf499e71c16f9f44045) Importer(815301076,1909f56bfc062723c751e8b465ee728b)
Start importing Assets/DownLoadAssets/Image/Img_TxtUpAndDOwn.png using Guid(2a8f9341d378eaf499e71c16f9f44045) Importer(815301076,1909f56bfc062723c751e8b465ee728b)  -> (artifact id: '48f2b5c9285d10f3b6a528dd8b3e2022') in 0.017816 seconds 
========================================================================
Received Import Request.
  Time since last request: 0.000026 seconds.
  path: Assets/DownLoadAssets/Image/Img_Ranking_3rd.png
  artifactKey: Guid(b5769cafc57dad74cb83706c47e9d19f) Importer(815301076,1909f56bfc062723c751e8b465ee728b)
Start importing Assets/DownLoadAssets/Image/Img_Ranking_3rd.png using Guid(b5769cafc57dad74cb83706c47e9d19f) Importer(815301076,1909f56bfc062723c751e8b465ee728b)  -> (artifact id: '476972cbccbc18a1c5c37162590119f7') in 0.017456 seconds 
========================================================================
Received Import Request.
  Time since last request: 0.000016 seconds.
  path: Assets/DownLoadAssets/Image/Img_TxtBack.png
  artifactKey: Guid(b9fe13f0ef8048f4ea751f58051d4bc0) Importer(815301076,1909f56bfc062723c751e8b465ee728b)
Start importing Assets/DownLoadAssets/Image/Img_TxtBack.png using Guid(b9fe13f0ef8048f4ea751f58051d4bc0) Importer(815301076,1909f56bfc062723c751e8b465ee728b)  -> (artifact id: '1d39e0347674a607faf4ba5873e086b4') in 0.018762 seconds 
========================================================================
Received Import Request.
  Time since last request: 0.000018 seconds.
  path: Assets/DownLoadAssets/Image/Img_TxtPlay.png
  artifactKey: Guid(9a0c882c9521f2b4ebe7a8baa7de4c7c) Importer(815301076,1909f56bfc062723c751e8b465ee728b)
Start importing Assets/DownLoadAssets/Image/Img_TxtPlay.png using Guid(9a0c882c9521f2b4ebe7a8baa7de4c7c) Importer(815301076,1909f56bfc062723c751e8b465ee728b)  -> (artifact id: 'b8e67b06e48e0e58795357a664f0c1ae') in 0.017674 seconds 
========================================================================
Received Import Request.
  Time since last request: 0.000025 seconds.
  path: Assets/DownLoadAssets/Image/Img_Background.png
  artifactKey: Guid(ed8521a51e51e1f4799fb4dc04ce4da2) Importer(815301076,1909f56bfc062723c751e8b465ee728b)
Start importing Assets/DownLoadAssets/Image/Img_Background.png using Guid(ed8521a51e51e1f4799fb4dc04ce4da2) Importer(815301076,1909f56bfc062723c751e8b465ee728b)  -> (artifact id: '18e1d1949c99517bf7acea0191162119') in 0.027714 seconds 
========================================================================
Received Import Request.
  Time since last request: 0.000019 seconds.
  path: Assets/DownLoadAssets/Image/Img_DiskNeon.png
  artifactKey: Guid(d9cc0a4def448e349a64fd3997d37fa9) Importer(815301076,1909f56bfc062723c751e8b465ee728b)
Start importing Assets/DownLoadAssets/Image/Img_DiskNeon.png using Guid(d9cc0a4def448e349a64fd3997d37fa9) Importer(815301076,1909f56bfc062723c751e8b465ee728b)  -> (artifact id: 'da24b4916cf137945e00746d60e1eb2f') in 0.049793 seconds 
========================================================================
Received Import Request.
  Time since last request: 0.000024 seconds.
  path: Assets/DownLoadAssets/Image/Img_BottomUI.png
  artifactKey: Guid(f34f24e65212ea64ea427cbea4a39f3a) Importer(815301076,1909f56bfc062723c751e8b465ee728b)
Start importing Assets/DownLoadAssets/Image/Img_BottomUI.png using Guid(f34f24e65212ea64ea427cbea4a39f3a) Importer(815301076,1909f56bfc062723c751e8b465ee728b)  -> (artifact id: '468b6f880c6dadab9f54a97af93005ae') in 0.042483 seconds 
========================================================================
Received Import Request.
  Time since last request: 0.000019 seconds.
  path: Assets/DownLoadAssets/Image/Img_Box2.png
  artifactKey: Guid(60b672460ab2c9a488b0f55cdd703f0b) Importer(815301076,1909f56bfc062723c751e8b465ee728b)
Start importing Assets/DownLoadAssets/Image/Img_Box2.png using Guid(60b672460ab2c9a488b0f55cdd703f0b) Importer(815301076,1909f56bfc062723c751e8b465ee728b)  -> (artifact id: 'a9bdd1c7fcf3ac6b2962868a7f391b11') in 0.024042 seconds 
========================================================================
Received Import Request.
  Time since last request: 0.000029 seconds.
  path: Assets/DownLoadAssets/Image/Img_Heart2.png
  artifactKey: Guid(2815de9c134077f4d85a35e3259ec79d) Importer(815301076,1909f56bfc062723c751e8b465ee728b)
Start importing Assets/DownLoadAssets/Image/Img_Heart2.png using Guid(2815de9c134077f4d85a35e3259ec79d) Importer(815301076,1909f56bfc062723c751e8b465ee728b)  -> (artifact id: '4259bcfd277b4da761ff52cfac966316') in 0.019021 seconds 
========================================================================
Received Import Request.
  Time since last request: 0.000016 seconds.
  path: Assets/DownLoadAssets/Image/Img_TutorialObstacle_9.png
  artifactKey: Guid(7e6ef2395e645c8498a1efde0676ff58) Importer(815301076,1909f56bfc062723c751e8b465ee728b)
Start importing Assets/DownLoadAssets/Image/Img_TutorialObstacle_9.png using Guid(7e6ef2395e645c8498a1efde0676ff58) Importer(815301076,1909f56bfc062723c751e8b465ee728b)  -> (artifact id: '33a06f1e4b227423ac8596a323d5f145') in 0.020336 seconds 
========================================================================
Received Import Request.
  Time since last request: 0.000019 seconds.
  path: Assets/DownLoadAssets/Image/Img_DiskOuter.png
  artifactKey: Guid(3424b867b0953864db1753d1a358b89b) Importer(815301076,1909f56bfc062723c751e8b465ee728b)
Start importing Assets/DownLoadAssets/Image/Img_DiskOuter.png using Guid(3424b867b0953864db1753d1a358b89b) Importer(815301076,1909f56bfc062723c751e8b465ee728b)  -> (artifact id: 'ec772a41154c3548ba59452a159c53c0') in 0.082105 seconds 
Editor requested this worker to shutdown with reason: Scaling down because of idle timeout
AssetImportWorker is now disconnected from the server
Process exiting
Exiting without the bug reporter. Application will terminate with return code 0